<?xml version="1.0" encoding="UTF-8"?>
<!-- Generated by org.testng.reporters.JUnitReportReporter -->
<testsuite hostname="DESKTOP-2QO26VS" failures="0" tests="1" name="Masters.datapro_2" time="0.000" errors="0" timestamp="2020-01-05T12:27:32 IST" skipped="1">
  <testcase classname="Masters.datapro_2" name="f" time="0.000">
    <skipped/>
  </testcase> <!-- f -->
</testsuite> <!-- Masters.datapro_2 -->
